[1;36m2021-09-25 13:27:19[0;39m [33m[main][0;39m [31mWARN [0;39m o.s.b.w.s.c.AnnotationConfigServletWebServerApplicationContext - [35mException encountered during context initialization - cancelling refresh attempt: org.springframework.beans.factory.BeanCreationException: Error creating bean with name 'createBean': Invocation of init method failed; nested exception is org.activiti.engine.ActivitiException: couldn't check if tables are already present using metadata: 
### Error getting a new connection.  Cause: java.sql.SQLException: Error setting driver on UnpooledDataSource. Cause: java.lang.ClassNotFoundException: org.h2.Driver
### Cause: java.sql.SQLException: Error setting driver on UnpooledDataSource. Cause: java.lang.ClassNotFoundException: org.h2.Driver
[0;39m[1;36m2021-09-25 13:28:04[0;39m [33m[main][0;39m [31mWARN [0;39m o.s.b.w.s.c.AnnotationConfigServletWebServerApplicationContext - [35mException encountered during context initialization - cancelling refresh attempt: org.springframework.beans.factory.BeanCreationException: Error creating bean with name 'createBean': Invocation of init method failed; nested exception is org.apache.ibatis.exceptions.PersistenceException: 
### Error querying database.  Cause: java.sql.SQLException: Error setting driver on UnpooledDataSource. Cause: java.lang.ClassNotFoundException: org.h2.Driver
### The error may exist in org/activiti/db/mapping/entity/Property.xml
### The error may involve org.activiti.engine.impl.persistence.entity.PropertyEntityImpl.selectDbSchemaVersion
### The error occurred while executing a query
### Cause: java.sql.SQLException: Error setting driver on UnpooledDataSource. Cause: java.lang.ClassNotFoundException: org.h2.Driver
[0;39m[1;36m2021-09-25 13:29:59[0;39m [33m[RMI TCP Connection(1)-192.168.111.1][0;39m [31mWARN [0;39m o.s.b.a.solr.SolrHealthIndicator - [35morg.apache.solr.client.solrj.SolrServerException: IOException occurred when talking to server at: http://solr.com:8983/solr
	at org.apache.solr.client.solrj.impl.HttpSolrClient.executeMethod(HttpSolrClient.java:679)
	at org.apache.solr.client.solrj.impl.HttpSolrClient.request(HttpSolrClient.java:265)
	at org.apache.solr.client.solrj.impl.HttpSolrClient.request(HttpSolrClient.java:248)
	at org.apache.solr.client.solrj.SolrRequest.process(SolrRequest.java:211)
	at org.apache.solr.client.solrj.SolrRequest.process(SolrRequest.java:228)
	at org.springframework.boot.actuate.solr.SolrHealthIndicator.doHealthCheck(SolrHealthIndicator.java:49)
	at org.springframework.boot.actuate.health.AbstractHealthIndicator.health(AbstractHealthIndicator.java:82)
	at org.springframework.boot.actuate.health.CompositeHealthIndicator.health(CompositeHealthIndicator.java:95)
	at org.springframework.boot.actuate.health.HealthEndpoint.health(HealthEndpoint.java:50)
	at sun.reflect.NativeMethodAccessorImpl.invoke0(Native Method)
	at sun.reflect.NativeMethodAccessorImpl.invoke(NativeMethodAccessorImpl.java:62)
	at sun.reflect.DelegatingMethodAccessorImpl.invoke(DelegatingMethodAccessorImpl.java:43)
	at java.lang.reflect.Method.invoke(Method.java:498)
	at org.springframework.util.ReflectionUtils.invokeMethod(ReflectionUtils.java:246)
	at org.springframework.boot.actuate.endpoint.invoke.reflect.ReflectiveOperationInvoker.invoke(ReflectiveOperationInvoker.java:76)
	at org.springframework.boot.actuate.endpoint.annotation.AbstractDiscoveredOperation.invoke(AbstractDiscoveredOperation.java:60)
	at org.springframework.boot.actuate.endpoint.jmx.EndpointMBean.invoke(EndpointMBean.java:121)
	at org.springframework.boot.actuate.endpoint.jmx.EndpointMBean.invoke(EndpointMBean.java:96)
	at com.sun.jmx.interceptor.DefaultMBeanServerInterceptor.invoke(DefaultMBeanServerInterceptor.java:819)
	at com.sun.jmx.mbeanserver.JmxMBeanServer.invoke(JmxMBeanServer.java:801)
	at javax.management.remote.rmi.RMIConnectionImpl.doOperation(RMIConnectionImpl.java:1468)
	at javax.management.remote.rmi.RMIConnectionImpl.access$300(RMIConnectionImpl.java:76)
	at javax.management.remote.rmi.RMIConnectionImpl$PrivilegedOperation.run(RMIConnectionImpl.java:1309)
	at javax.management.remote.rmi.RMIConnectionImpl.doPrivilegedOperation(RMIConnectionImpl.java:1401)
	at javax.management.remote.rmi.RMIConnectionImpl.invoke(RMIConnectionImpl.java:829)
	at sun.reflect.NativeMethodAccessorImpl.invoke0(Native Method)
	at sun.reflect.NativeMethodAccessorImpl.invoke(NativeMethodAccessorImpl.java:62)
	at sun.reflect.DelegatingMethodAccessorImpl.invoke(DelegatingMethodAccessorImpl.java:43)
	at java.lang.reflect.Method.invoke(Method.java:498)
	at sun.rmi.server.UnicastServerRef.dispatch(UnicastServerRef.java:357)
	at sun.rmi.transport.Transport$1.run(Transport.java:200)
	at sun.rmi.transport.Transport$1.run(Transport.java:197)
	at java.security.AccessController.doPrivileged(Native Method)
	at sun.rmi.transport.Transport.serviceCall(Transport.java:196)
	at sun.rmi.transport.tcp.TCPTransport.handleMessages(TCPTransport.java:573)
	at sun.rmi.transport.tcp.TCPTransport$ConnectionHandler.run0(TCPTransport.java:834)
	at sun.rmi.transport.tcp.TCPTransport$ConnectionHandler.lambda$run$0(TCPTransport.java:688)
	at java.security.AccessController.doPrivileged(Native Method)
	at sun.rmi.transport.tcp.TCPTransport$ConnectionHandler.run(TCPTransport.java:687)
	at java.util.concurrent.ThreadPoolExecutor.runWorker(ThreadPoolExecutor.java:1149)
	at java.util.concurrent.ThreadPoolExecutor$Worker.run(ThreadPoolExecutor.java:624)
	at java.lang.Thread.run(Thread.java:748)
Caused by: org.apache.http.conn.ConnectTimeoutException: Connect to solr.com:8983 [solr.com/34.102.136.180] failed: connect timed out
	at org.apache.http.impl.conn.DefaultHttpClientConnectionOperator.connect(DefaultHttpClientConnectionOperator.java:151)
	at org.apache.http.impl.conn.PoolingHttpClientConnectionManager.connect(PoolingHttpClientConnectionManager.java:374)
	at org.apache.http.impl.execchain.MainClientExec.establishRoute(MainClientExec.java:393)
	at org.apache.http.impl.execchain.MainClientExec.execute(MainClientExec.java:236)
	at org.apache.http.impl.execchain.ProtocolExec.execute(ProtocolExec.java:186)
	at org.apache.http.impl.execchain.RetryExec.execute(RetryExec.java:89)
	at org.apache.http.impl.execchain.RedirectExec.execute(RedirectExec.java:110)
	at org.apache.http.impl.client.InternalHttpClient.doExecute(InternalHttpClient.java:185)
	at org.apache.http.impl.client.CloseableHttpClient.execute(CloseableHttpClient.java:83)
	at org.apache.http.impl.client.CloseableHttpClient.execute(CloseableHttpClient.java:56)
	at org.apache.solr.client.solrj.impl.HttpSolrClient.executeMethod(HttpSolrClient.java:564)
	... 41 common frames omitted
Caused by: java.net.SocketTimeoutException: connect timed out
	at java.net.DualStackPlainSocketImpl.waitForConnect(Native Method)
	at java.net.DualStackPlainSocketImpl.socketConnect(DualStackPlainSocketImpl.java:85)
	at java.net.AbstractPlainSocketImpl.doConnect(AbstractPlainSocketImpl.java:350)
	at java.net.AbstractPlainSocketImpl.connectToAddress(AbstractPlainSocketImpl.java:206)
	at java.net.AbstractPlainSocketImpl.connect(AbstractPlainSocketImpl.java:188)
	at java.net.PlainSocketImpl.connect(PlainSocketImpl.java:172)
	at java.net.SocksSocketImpl.connect(SocksSocketImpl.java:392)
	at java.net.Socket.connect(Socket.java:606)
	at org.apache.http.conn.socket.PlainConnectionSocketFactory.connectSocket(PlainConnectionSocketFactory.java:75)
	at org.apache.http.impl.conn.DefaultHttpClientConnectionOperator.connect(DefaultHttpClientConnectionOperator.java:142)
	... 51 common frames omitted
Solr health check failed
[0;39morg.apache.solr.client.solrj.SolrServerException: IOException occurred when talking to server at: http://solr.com:8983/solr
	at org.apache.solr.client.solrj.impl.HttpSolrClient.executeMethod(HttpSolrClient.java:679)
	at org.apache.solr.client.solrj.impl.HttpSolrClient.request(HttpSolrClient.java:265)
	at org.apache.solr.client.solrj.impl.HttpSolrClient.request(HttpSolrClient.java:248)
	at org.apache.solr.client.solrj.SolrRequest.process(SolrRequest.java:211)
	at org.apache.solr.client.solrj.SolrRequest.process(SolrRequest.java:228)
	at org.springframework.boot.actuate.solr.SolrHealthIndicator.doHealthCheck(SolrHealthIndicator.java:49)
	at org.springframework.boot.actuate.health.AbstractHealthIndicator.health(AbstractHealthIndicator.java:82)
	at org.springframework.boot.actuate.health.CompositeHealthIndicator.health(CompositeHealthIndicator.java:95)
	at org.springframework.boot.actuate.health.HealthEndpoint.health(HealthEndpoint.java:50)
	at sun.reflect.NativeMethodAccessorImpl.invoke0(Native Method)
	at sun.reflect.NativeMethodAccessorImpl.invoke(NativeMethodAccessorImpl.java:62)
	at sun.reflect.DelegatingMethodAccessorImpl.invoke(DelegatingMethodAccessorImpl.java:43)
	at java.lang.reflect.Method.invoke(Method.java:498)
	at org.springframework.util.ReflectionUtils.invokeMethod(ReflectionUtils.java:246)
	at org.springframework.boot.actuate.endpoint.invoke.reflect.ReflectiveOperationInvoker.invoke(ReflectiveOperationInvoker.java:76)
	at org.springframework.boot.actuate.endpoint.annotation.AbstractDiscoveredOperation.invoke(AbstractDiscoveredOperation.java:60)
	at org.springframework.boot.actuate.endpoint.jmx.EndpointMBean.invoke(EndpointMBean.java:121)
	at org.springframework.boot.actuate.endpoint.jmx.EndpointMBean.invoke(EndpointMBean.java:96)
	at com.sun.jmx.interceptor.DefaultMBeanServerInterceptor.invoke(DefaultMBeanServerInterceptor.java:819)
	at com.sun.jmx.mbeanserver.JmxMBeanServer.invoke(JmxMBeanServer.java:801)
	at javax.management.remote.rmi.RMIConnectionImpl.doOperation(RMIConnectionImpl.java:1468)
	at javax.management.remote.rmi.RMIConnectionImpl.access$300(RMIConnectionImpl.java:76)
	at javax.management.remote.rmi.RMIConnectionImpl$PrivilegedOperation.run(RMIConnectionImpl.java:1309)
	at javax.management.remote.rmi.RMIConnectionImpl.doPrivilegedOperation(RMIConnectionImpl.java:1401)
	at javax.management.remote.rmi.RMIConnectionImpl.invoke(RMIConnectionImpl.java:829)
	at sun.reflect.NativeMethodAccessorImpl.invoke0(Native Method)
	at sun.reflect.NativeMethodAccessorImpl.invoke(NativeMethodAccessorImpl.java:62)
	at sun.reflect.DelegatingMethodAccessorImpl.invoke(DelegatingMethodAccessorImpl.java:43)
	at java.lang.reflect.Method.invoke(Method.java:498)
	at sun.rmi.server.UnicastServerRef.dispatch(UnicastServerRef.java:357)
	at sun.rmi.transport.Transport$1.run(Transport.java:200)
	at sun.rmi.transport.Transport$1.run(Transport.java:197)
	at java.security.AccessController.doPrivileged(Native Method)
	at sun.rmi.transport.Transport.serviceCall(Transport.java:196)
	at sun.rmi.transport.tcp.TCPTransport.handleMessages(TCPTransport.java:573)
	at sun.rmi.transport.tcp.TCPTransport$ConnectionHandler.run0(TCPTransport.java:834)
	at sun.rmi.transport.tcp.TCPTransport$ConnectionHandler.lambda$run$0(TCPTransport.java:688)
	at java.security.AccessController.doPrivileged(Native Method)
	at sun.rmi.transport.tcp.TCPTransport$ConnectionHandler.run(TCPTransport.java:687)
	at java.util.concurrent.ThreadPoolExecutor.runWorker(ThreadPoolExecutor.java:1149)
	at java.util.concurrent.ThreadPoolExecutor$Worker.run(ThreadPoolExecutor.java:624)
	at java.lang.Thread.run(Thread.java:748)
Caused by: org.apache.http.conn.ConnectTimeoutException: Connect to solr.com:8983 [solr.com/34.102.136.180] failed: connect timed out
	at org.apache.http.impl.conn.DefaultHttpClientConnectionOperator.connect(DefaultHttpClientConnectionOperator.java:151)
	at org.apache.http.impl.conn.PoolingHttpClientConnectionManager.connect(PoolingHttpClientConnectionManager.java:374)
	at org.apache.http.impl.execchain.MainClientExec.establishRoute(MainClientExec.java:393)
	at org.apache.http.impl.execchain.MainClientExec.execute(MainClientExec.java:236)
	at org.apache.http.impl.execchain.ProtocolExec.execute(ProtocolExec.java:186)
	at org.apache.http.impl.execchain.RetryExec.execute(RetryExec.java:89)
	at org.apache.http.impl.execchain.RedirectExec.execute(RedirectExec.java:110)
	at org.apache.http.impl.client.InternalHttpClient.doExecute(InternalHttpClient.java:185)
	at org.apache.http.impl.client.CloseableHttpClient.execute(CloseableHttpClient.java:83)
	at org.apache.http.impl.client.CloseableHttpClient.execute(CloseableHttpClient.java:56)
	at org.apache.solr.client.solrj.impl.HttpSolrClient.executeMethod(HttpSolrClient.java:564)
	... 41 common frames omitted
Caused by: java.net.SocketTimeoutException: connect timed out
	at java.net.DualStackPlainSocketImpl.waitForConnect(Native Method)
	at java.net.DualStackPlainSocketImpl.socketConnect(DualStackPlainSocketImpl.java:85)
	at java.net.AbstractPlainSocketImpl.doConnect(AbstractPlainSocketImpl.java:350)
	at java.net.AbstractPlainSocketImpl.connectToAddress(AbstractPlainSocketImpl.java:206)
	at java.net.AbstractPlainSocketImpl.connect(AbstractPlainSocketImpl.java:188)
	at java.net.PlainSocketImpl.connect(PlainSocketImpl.java:172)
	at java.net.SocksSocketImpl.connect(SocksSocketImpl.java:392)
	at java.net.Socket.connect(Socket.java:606)
	at org.apache.http.conn.socket.PlainConnectionSocketFactory.connectSocket(PlainConnectionSocketFactory.java:75)
	at org.apache.http.impl.conn.DefaultHttpClientConnectionOperator.connect(DefaultHttpClientConnectionOperator.java:142)
	... 51 common frames omitted
[1;36m2021-09-25 21:37:25[0;39m [33m[main][0;39m [31mWARN [0;39m o.m.s.mapper.ClassPathMapperScanner - [35mNo MyBatis mapper was found in '[cn.com.cgh]' package. Please check your configuration.
[0;39m[1;36m2021-09-25 21:37:35[0;39m [33m[main][0;39m [31mWARN [0;39m o.s.b.w.s.c.AnnotationConfigServletWebServerApplicationContext - [35mException encountered during context initialization - cancelling refresh attempt: org.springframework.beans.factory.BeanCreationException: Error creating bean with name 'registerVariableCreatedListenerDelegate' defined in class path resource [org/activiti/runtime/api/conf/CommonRuntimeAutoConfiguration.class]: Invocation of init method failed; nested exception is java.lang.NullPointerException
[0;39m[1;36m2021-09-25 21:38:18[0;39m [33m[main][0;39m [31mWARN [0;39m o.m.s.mapper.ClassPathMapperScanner - [35mNo MyBatis mapper was found in '[cn.com.cgh]' package. Please check your configuration.
[0;39m[1;36m2021-09-25 21:38:19[0;39m [33m[main][0;39m [31mWARN [0;39m o.s.b.w.s.c.AnnotationConfigServletWebServerApplicationContext - [35mException encountered during context initialization - cancelling refresh attempt: org.springframework.context.ApplicationContextException: Unable to start web server; nested exception is org.springframework.boot.web.server.WebServerException: Unable to start embedded Tomcat
[0;39m[1;36m2021-09-25 21:39:40[0;39m [33m[main][0;39m [31mWARN [0;39m o.m.s.mapper.ClassPathMapperScanner - [35mNo MyBatis mapper was found in '[cn.com.cgh]' package. Please check your configuration.
[0;39m[1;36m2021-09-25 21:40:02[0;39m [33m[main][0;39m [31mWARN [0;39m o.s.b.w.s.c.AnnotationConfigServletWebServerApplicationContext - [35mException encountered during context initialization - cancelling refresh attempt: org.springframework.beans.factory.BeanCreationException: Error creating bean with name 'registerVariableCreatedListenerDelegate' defined in class path resource [org/activiti/runtime/api/conf/CommonRuntimeAutoConfiguration.class]: Invocation of init method failed; nested exception is java.lang.NullPointerException
[0;39m[1;36m2021-09-25 21:40:38[0;39m [33m[main][0;39m [31mWARN [0;39m o.m.s.mapper.ClassPathMapperScanner - [35mNo MyBatis mapper was found in '[cn.com.cgh]' package. Please check your configuration.
[0;39m[1;36m2021-09-25 21:41:23[0;39m [33m[main][0;39m [31mWARN [0;39m o.s.b.w.s.c.AnnotationConfigServletWebServerApplicationContext - [35mException encountered during context initialization - cancelling refresh attempt: org.springframework.beans.factory.BeanCreationException: Error creating bean with name 'registerVariableCreatedListenerDelegate' defined in class path resource [org/activiti/runtime/api/conf/CommonRuntimeAutoConfiguration.class]: Invocation of init method failed; nested exception is java.lang.NullPointerException
[0;39m[1;36m2021-09-25 21:42:36[0;39m [33m[main][0;39m [31mWARN [0;39m o.m.s.mapper.ClassPathMapperScanner - [35mNo MyBatis mapper was found in '[cn.com.cgh]' package. Please check your configuration.
[0;39m[1;36m2021-09-25 21:42:48[0;39m [33m[main][0;39m [31mWARN [0;39m o.a.c.loader.WebappClassLoaderBase - [35mThe web application [ROOT] appears to have started a thread named [Druid-ConnectionPool-Create-82065756] but has failed to stop it. This is very likely to create a memory leak. Stack trace of thread:
 sun.misc.Unsafe.park(Native Method)
 java.util.concurrent.locks.LockSupport.park(LockSupport.java:175)
 java.util.concurrent.locks.AbstractQueuedSynchronizer$ConditionObject.await(AbstractQueuedSynchronizer.java:2039)
 com.alibaba.druid.pool.DruidDataSource$CreateConnectionThread.run(DruidDataSource.java:2776)
[0;39m[1;36m2021-09-25 21:42:48[0;39m [33m[main][0;39m [31mWARN [0;39m o.a.c.loader.WebappClassLoaderBase - [35mThe web application [ROOT] appears to have started a thread named [Druid-ConnectionPool-Destroy-82065756] but has failed to stop it. This is very likely to create a memory leak. Stack trace of thread:
 java.lang.Thread.sleep(Native Method)
 com.alibaba.druid.pool.DruidDataSource$DestroyConnectionThread.run(DruidDataSource.java:2876)
[0;39m[1;36m2021-09-25 21:42:48[0;39m [33m[main][0;39m [31mWARN [0;39m o.a.c.loader.WebappClassLoaderBase - [35mThe web application [ROOT] appears to have started a thread named [activiti-acquire-async-jobs] but has failed to stop it. This is very likely to create a memory leak. Stack trace of thread:
 java.lang.Object.wait(Native Method)
 org.activiti.engine.impl.asyncexecutor.AcquireAsyncJobsDueRunnable.run(AcquireAsyncJobsDueRunnable.java:98)
 java.lang.Thread.run(Thread.java:748)
[0;39m[1;36m2021-09-25 21:42:48[0;39m [33m[main][0;39m [31mWARN [0;39m o.a.c.loader.WebappClassLoaderBase - [35mThe web application [ROOT] appears to have started a thread named [activiti-acquire-timer-jobs] but has failed to stop it. This is very likely to create a memory leak. Stack trace of thread:
 java.lang.Object.wait(Native Method)
 org.activiti.engine.impl.asyncexecutor.AcquireTimerJobsRunnable.run(AcquireTimerJobsRunnable.java:98)
 java.lang.Thread.run(Thread.java:748)
[0;39m[1;36m2021-09-25 21:42:48[0;39m [33m[main][0;39m [31mWARN [0;39m o.a.c.loader.WebappClassLoaderBase - [35mThe web application [ROOT] appears to have started a thread named [activiti-reset-expired-jobs] but has failed to stop it. This is very likely to create a memory leak. Stack trace of thread:
 java.lang.Object.wait(Native Method)
 org.activiti.engine.impl.asyncexecutor.ResetExpiredJobsRunnable.run(ResetExpiredJobsRunnable.java:85)
 java.lang.Thread.run(Thread.java:748)
[0;39m[1;36m2021-09-25 21:42:48[0;39m [33m[main][0;39m [31mWARN [0;39m o.a.c.loader.WebappClassLoaderBase - [35mThe web application [ROOT] appears to have started a thread named [Connection evictor] but has failed to stop it. This is very likely to create a memory leak. Stack trace of thread:
 java.lang.Thread.sleep(Native Method)
 org.apache.http.impl.client.IdleConnectionEvictor$1.run(IdleConnectionEvictor.java:66)
 java.lang.Thread.run(Thread.java:748)
[0;39m[1;36m2021-09-25 21:43:11[0;39m [33m[main][0;39m [31mWARN [0;39m o.m.s.mapper.ClassPathMapperScanner - [35mNo MyBatis mapper was found in '[cn.com.cgh]' package. Please check your configuration.
[0;39m[1;36m2021-09-25 21:43:22[0;39m [33m[main][0;39m [31mWARN [0;39m o.a.c.loader.WebappClassLoaderBase - [35mThe web application [ROOT] appears to have started a thread named [Druid-ConnectionPool-Create-766722027] but has failed to stop it. This is very likely to create a memory leak. Stack trace of thread:
 sun.misc.Unsafe.park(Native Method)
 java.util.concurrent.locks.LockSupport.park(LockSupport.java:175)
 java.util.concurrent.locks.AbstractQueuedSynchronizer$ConditionObject.await(AbstractQueuedSynchronizer.java:2039)
 com.alibaba.druid.pool.DruidDataSource$CreateConnectionThread.run(DruidDataSource.java:2776)
[0;39m[1;36m2021-09-25 21:43:22[0;39m [33m[main][0;39m [31mWARN [0;39m o.a.c.loader.WebappClassLoaderBase - [35mThe web application [ROOT] appears to have started a thread named [Druid-ConnectionPool-Destroy-766722027] but has failed to stop it. This is very likely to create a memory leak. Stack trace of thread:
 java.lang.Thread.sleep(Native Method)
 com.alibaba.druid.pool.DruidDataSource$DestroyConnectionThread.run(DruidDataSource.java:2876)
[0;39m[1;36m2021-09-25 21:43:22[0;39m [33m[main][0;39m [31mWARN [0;39m o.a.c.loader.WebappClassLoaderBase - [35mThe web application [ROOT] appears to have started a thread named [activiti-acquire-async-jobs] but has failed to stop it. This is very likely to create a memory leak. Stack trace of thread:
 java.lang.Object.wait(Native Method)
 org.activiti.engine.impl.asyncexecutor.AcquireAsyncJobsDueRunnable.run(AcquireAsyncJobsDueRunnable.java:98)
 java.lang.Thread.run(Thread.java:748)
[0;39m[1;36m2021-09-25 21:43:22[0;39m [33m[main][0;39m [31mWARN [0;39m o.a.c.loader.WebappClassLoaderBase - [35mThe web application [ROOT] appears to have started a thread named [activiti-acquire-timer-jobs] but has failed to stop it. This is very likely to create a memory leak. Stack trace of thread:
 java.lang.Object.wait(Native Method)
 org.activiti.engine.impl.asyncexecutor.AcquireTimerJobsRunnable.run(AcquireTimerJobsRunnable.java:98)
 java.lang.Thread.run(Thread.java:748)
[0;39m[1;36m2021-09-25 21:43:22[0;39m [33m[main][0;39m [31mWARN [0;39m o.a.c.loader.WebappClassLoaderBase - [35mThe web application [ROOT] appears to have started a thread named [activiti-reset-expired-jobs] but has failed to stop it. This is very likely to create a memory leak. Stack trace of thread:
 java.lang.Object.wait(Native Method)
 org.activiti.engine.impl.asyncexecutor.ResetExpiredJobsRunnable.run(ResetExpiredJobsRunnable.java:85)
 java.lang.Thread.run(Thread.java:748)
[0;39m[1;36m2021-09-25 21:43:22[0;39m [33m[main][0;39m [31mWARN [0;39m o.a.c.loader.WebappClassLoaderBase - [35mThe web application [ROOT] appears to have started a thread named [Connection evictor] but has failed to stop it. This is very likely to create a memory leak. Stack trace of thread:
 java.lang.Thread.sleep(Native Method)
 org.apache.http.impl.client.IdleConnectionEvictor$1.run(IdleConnectionEvictor.java:66)
 java.lang.Thread.run(Thread.java:748)
[0;39m[1;36m2021-09-25 21:43:32[0;39m [33m[main][0;39m [31mWARN [0;39m o.m.s.mapper.ClassPathMapperScanner - [35mNo MyBatis mapper was found in '[cn.com.cgh]' package. Please check your configuration.
[0;39m[1;36m2021-09-25 21:44:01[0;39m [33m[RMI TCP Connection(1)-192.168.10.104][0;39m [31mWARN [0;39m o.s.b.a.solr.SolrHealthIndicator - [35morg.apache.solr.client.solrj.SolrServerException: IOException occurred when talking to server at: http://solr.com:8983/solr
	at org.apache.solr.client.solrj.impl.HttpSolrClient.executeMethod(HttpSolrClient.java:679)
	at org.apache.solr.client.solrj.impl.HttpSolrClient.request(HttpSolrClient.java:265)
	at org.apache.solr.client.solrj.impl.HttpSolrClient.request(HttpSolrClient.java:248)
	at org.apache.solr.client.solrj.SolrRequest.process(SolrRequest.java:211)
	at org.apache.solr.client.solrj.SolrRequest.process(SolrRequest.java:228)
	at org.springframework.boot.actuate.solr.SolrHealthIndicator.doHealthCheck(SolrHealthIndicator.java:49)
	at org.springframework.boot.actuate.health.AbstractHealthIndicator.health(AbstractHealthIndicator.java:82)
	at org.springframework.boot.actuate.health.CompositeHealthIndicator.health(CompositeHealthIndicator.java:95)
	at org.springframework.boot.actuate.health.HealthEndpoint.health(HealthEndpoint.java:50)
	at sun.reflect.NativeMethodAccessorImpl.invoke0(Native Method)
	at sun.reflect.NativeMethodAccessorImpl.invoke(NativeMethodAccessorImpl.java:62)
	at sun.reflect.DelegatingMethodAccessorImpl.invoke(DelegatingMethodAccessorImpl.java:43)
	at java.lang.reflect.Method.invoke(Method.java:498)
	at org.springframework.util.ReflectionUtils.invokeMethod(ReflectionUtils.java:246)
	at org.springframework.boot.actuate.endpoint.invoke.reflect.ReflectiveOperationInvoker.invoke(ReflectiveOperationInvoker.java:76)
	at org.springframework.boot.actuate.endpoint.annotation.AbstractDiscoveredOperation.invoke(AbstractDiscoveredOperation.java:60)
	at org.springframework.boot.actuate.endpoint.jmx.EndpointMBean.invoke(EndpointMBean.java:121)
	at org.springframework.boot.actuate.endpoint.jmx.EndpointMBean.invoke(EndpointMBean.java:96)
	at com.sun.jmx.interceptor.DefaultMBeanServerInterceptor.invoke(DefaultMBeanServerInterceptor.java:819)
	at com.sun.jmx.mbeanserver.JmxMBeanServer.invoke(JmxMBeanServer.java:801)
	at javax.management.remote.rmi.RMIConnectionImpl.doOperation(RMIConnectionImpl.java:1468)
	at javax.management.remote.rmi.RMIConnectionImpl.access$300(RMIConnectionImpl.java:76)
	at javax.management.remote.rmi.RMIConnectionImpl$PrivilegedOperation.run(RMIConnectionImpl.java:1309)
	at javax.management.remote.rmi.RMIConnectionImpl.doPrivilegedOperation(RMIConnectionImpl.java:1401)
	at javax.management.remote.rmi.RMIConnectionImpl.invoke(RMIConnectionImpl.java:829)
	at sun.reflect.NativeMethodAccessorImpl.invoke0(Native Method)
	at sun.reflect.NativeMethodAccessorImpl.invoke(NativeMethodAccessorImpl.java:62)
	at sun.reflect.DelegatingMethodAccessorImpl.invoke(DelegatingMethodAccessorImpl.java:43)
	at java.lang.reflect.Method.invoke(Method.java:498)
	at sun.rmi.server.UnicastServerRef.dispatch(UnicastServerRef.java:357)
	at sun.rmi.transport.Transport$1.run(Transport.java:200)
	at sun.rmi.transport.Transport$1.run(Transport.java:197)
	at java.security.AccessController.doPrivileged(Native Method)
	at sun.rmi.transport.Transport.serviceCall(Transport.java:196)
	at sun.rmi.transport.tcp.TCPTransport.handleMessages(TCPTransport.java:573)
	at sun.rmi.transport.tcp.TCPTransport$ConnectionHandler.run0(TCPTransport.java:834)
	at sun.rmi.transport.tcp.TCPTransport$ConnectionHandler.lambda$run$0(TCPTransport.java:688)
	at java.security.AccessController.doPrivileged(Native Method)
	at sun.rmi.transport.tcp.TCPTransport$ConnectionHandler.run(TCPTransport.java:687)
	at java.util.concurrent.ThreadPoolExecutor.runWorker(ThreadPoolExecutor.java:1149)
	at java.util.concurrent.ThreadPoolExecutor$Worker.run(ThreadPoolExecutor.java:624)
	at java.lang.Thread.run(Thread.java:748)
Caused by: org.apache.http.conn.ConnectTimeoutException: Connect to solr.com:8983 [solr.com/34.102.136.180] failed: connect timed out
	at org.apache.http.impl.conn.DefaultHttpClientConnectionOperator.connect(DefaultHttpClientConnectionOperator.java:151)
	at org.apache.http.impl.conn.PoolingHttpClientConnectionManager.connect(PoolingHttpClientConnectionManager.java:374)
	at org.apache.http.impl.execchain.MainClientExec.establishRoute(MainClientExec.java:393)
	at org.apache.http.impl.execchain.MainClientExec.execute(MainClientExec.java:236)
	at org.apache.http.impl.execchain.ProtocolExec.execute(ProtocolExec.java:186)
	at org.apache.http.impl.execchain.RetryExec.execute(RetryExec.java:89)
	at org.apache.http.impl.execchain.RedirectExec.execute(RedirectExec.java:110)
	at org.apache.http.impl.client.InternalHttpClient.doExecute(InternalHttpClient.java:185)
	at org.apache.http.impl.client.CloseableHttpClient.execute(CloseableHttpClient.java:83)
	at org.apache.http.impl.client.CloseableHttpClient.execute(CloseableHttpClient.java:56)
	at org.apache.solr.client.solrj.impl.HttpSolrClient.executeMethod(HttpSolrClient.java:564)
	... 41 common frames omitted
Caused by: java.net.SocketTimeoutException: connect timed out
	at java.net.DualStackPlainSocketImpl.waitForConnect(Native Method)
	at java.net.DualStackPlainSocketImpl.socketConnect(DualStackPlainSocketImpl.java:85)
	at java.net.AbstractPlainSocketImpl.doConnect(AbstractPlainSocketImpl.java:350)
	at java.net.AbstractPlainSocketImpl.connectToAddress(AbstractPlainSocketImpl.java:206)
	at java.net.AbstractPlainSocketImpl.connect(AbstractPlainSocketImpl.java:188)
	at java.net.PlainSocketImpl.connect(PlainSocketImpl.java:172)
	at java.net.SocksSocketImpl.connect(SocksSocketImpl.java:392)
	at java.net.Socket.connect(Socket.java:606)
	at org.apache.http.conn.socket.PlainConnectionSocketFactory.connectSocket(PlainConnectionSocketFactory.java:75)
	at org.apache.http.impl.conn.DefaultHttpClientConnectionOperator.connect(DefaultHttpClientConnectionOperator.java:142)
	... 51 common frames omitted
Solr health check failed
[0;39morg.apache.solr.client.solrj.SolrServerException: IOException occurred when talking to server at: http://solr.com:8983/solr
	at org.apache.solr.client.solrj.impl.HttpSolrClient.executeMethod(HttpSolrClient.java:679)
	at org.apache.solr.client.solrj.impl.HttpSolrClient.request(HttpSolrClient.java:265)
	at org.apache.solr.client.solrj.impl.HttpSolrClient.request(HttpSolrClient.java:248)
	at org.apache.solr.client.solrj.SolrRequest.process(SolrRequest.java:211)
	at org.apache.solr.client.solrj.SolrRequest.process(SolrRequest.java:228)
	at org.springframework.boot.actuate.solr.SolrHealthIndicator.doHealthCheck(SolrHealthIndicator.java:49)
	at org.springframework.boot.actuate.health.AbstractHealthIndicator.health(AbstractHealthIndicator.java:82)
	at org.springframework.boot.actuate.health.CompositeHealthIndicator.health(CompositeHealthIndicator.java:95)
	at org.springframework.boot.actuate.health.HealthEndpoint.health(HealthEndpoint.java:50)
	at sun.reflect.NativeMethodAccessorImpl.invoke0(Native Method)
	at sun.reflect.NativeMethodAccessorImpl.invoke(NativeMethodAccessorImpl.java:62)
	at sun.reflect.DelegatingMethodAccessorImpl.invoke(DelegatingMethodAccessorImpl.java:43)
	at java.lang.reflect.Method.invoke(Method.java:498)
	at org.springframework.util.ReflectionUtils.invokeMethod(ReflectionUtils.java:246)
	at org.springframework.boot.actuate.endpoint.invoke.reflect.ReflectiveOperationInvoker.invoke(ReflectiveOperationInvoker.java:76)
	at org.springframework.boot.actuate.endpoint.annotation.AbstractDiscoveredOperation.invoke(AbstractDiscoveredOperation.java:60)
	at org.springframework.boot.actuate.endpoint.jmx.EndpointMBean.invoke(EndpointMBean.java:121)
	at org.springframework.boot.actuate.endpoint.jmx.EndpointMBean.invoke(EndpointMBean.java:96)
	at com.sun.jmx.interceptor.DefaultMBeanServerInterceptor.invoke(DefaultMBeanServerInterceptor.java:819)
	at com.sun.jmx.mbeanserver.JmxMBeanServer.invoke(JmxMBeanServer.java:801)
	at javax.management.remote.rmi.RMIConnectionImpl.doOperation(RMIConnectionImpl.java:1468)
	at javax.management.remote.rmi.RMIConnectionImpl.access$300(RMIConnectionImpl.java:76)
	at javax.management.remote.rmi.RMIConnectionImpl$PrivilegedOperation.run(RMIConnectionImpl.java:1309)
	at javax.management.remote.rmi.RMIConnectionImpl.doPrivilegedOperation(RMIConnectionImpl.java:1401)
	at javax.management.remote.rmi.RMIConnectionImpl.invoke(RMIConnectionImpl.java:829)
	at sun.reflect.NativeMethodAccessorImpl.invoke0(Native Method)
	at sun.reflect.NativeMethodAccessorImpl.invoke(NativeMethodAccessorImpl.java:62)
	at sun.reflect.DelegatingMethodAccessorImpl.invoke(DelegatingMethodAccessorImpl.java:43)
	at java.lang.reflect.Method.invoke(Method.java:498)
	at sun.rmi.server.UnicastServerRef.dispatch(UnicastServerRef.java:357)
	at sun.rmi.transport.Transport$1.run(Transport.java:200)
	at sun.rmi.transport.Transport$1.run(Transport.java:197)
	at java.security.AccessController.doPrivileged(Native Method)
	at sun.rmi.transport.Transport.serviceCall(Transport.java:196)
	at sun.rmi.transport.tcp.TCPTransport.handleMessages(TCPTransport.java:573)
	at sun.rmi.transport.tcp.TCPTransport$ConnectionHandler.run0(TCPTransport.java:834)
	at sun.rmi.transport.tcp.TCPTransport$ConnectionHandler.lambda$run$0(TCPTransport.java:688)
	at java.security.AccessController.doPrivileged(Native Method)
	at sun.rmi.transport.tcp.TCPTransport$ConnectionHandler.run(TCPTransport.java:687)
	at java.util.concurrent.ThreadPoolExecutor.runWorker(ThreadPoolExecutor.java:1149)
	at java.util.concurrent.ThreadPoolExecutor$Worker.run(ThreadPoolExecutor.java:624)
	at java.lang.Thread.run(Thread.java:748)
Caused by: org.apache.http.conn.ConnectTimeoutException: Connect to solr.com:8983 [solr.com/34.102.136.180] failed: connect timed out
	at org.apache.http.impl.conn.DefaultHttpClientConnectionOperator.connect(DefaultHttpClientConnectionOperator.java:151)
	at org.apache.http.impl.conn.PoolingHttpClientConnectionManager.connect(PoolingHttpClientConnectionManager.java:374)
	at org.apache.http.impl.execchain.MainClientExec.establishRoute(MainClientExec.java:393)
	at org.apache.http.impl.execchain.MainClientExec.execute(MainClientExec.java:236)
	at org.apache.http.impl.execchain.ProtocolExec.execute(ProtocolExec.java:186)
	at org.apache.http.impl.execchain.RetryExec.execute(RetryExec.java:89)
	at org.apache.http.impl.execchain.RedirectExec.execute(RedirectExec.java:110)
	at org.apache.http.impl.client.InternalHttpClient.doExecute(InternalHttpClient.java:185)
	at org.apache.http.impl.client.CloseableHttpClient.execute(CloseableHttpClient.java:83)
	at org.apache.http.impl.client.CloseableHttpClient.execute(CloseableHttpClient.java:56)
	at org.apache.solr.client.solrj.impl.HttpSolrClient.executeMethod(HttpSolrClient.java:564)
	... 41 common frames omitted
Caused by: java.net.SocketTimeoutException: connect timed out
	at java.net.DualStackPlainSocketImpl.waitForConnect(Native Method)
	at java.net.DualStackPlainSocketImpl.socketConnect(DualStackPlainSocketImpl.java:85)
	at java.net.AbstractPlainSocketImpl.doConnect(AbstractPlainSocketImpl.java:350)
	at java.net.AbstractPlainSocketImpl.connectToAddress(AbstractPlainSocketImpl.java:206)
	at java.net.AbstractPlainSocketImpl.connect(AbstractPlainSocketImpl.java:188)
	at java.net.PlainSocketImpl.connect(PlainSocketImpl.java:172)
	at java.net.SocksSocketImpl.connect(SocksSocketImpl.java:392)
	at java.net.Socket.connect(Socket.java:606)
	at org.apache.http.conn.socket.PlainConnectionSocketFactory.connectSocket(PlainConnectionSocketFactory.java:75)
	at org.apache.http.impl.conn.DefaultHttpClientConnectionOperator.connect(DefaultHttpClientConnectionOperator.java:142)
	... 51 common frames omitted
[1;36m2021-09-25 21:45:49[0;39m [33m[main][0;39m [31mWARN [0;39m o.m.s.mapper.ClassPathMapperScanner - [35mNo MyBatis mapper was found in '[cn.com.cgh]' package. Please check your configuration.
[0;39m[1;36m2021-09-25 21:45:59[0;39m [33m[main][0;39m [31mWARN [0;39m o.s.b.w.s.c.AnnotationConfigServletWebServerApplicationContext - [35mException encountered during context initialization - cancelling refresh attempt: org.springframework.beans.factory.UnsatisfiedDependencyException: Error creating bean with name 'createBean': Unsatisfied dependency expressed through field 'processEngines'; nested exception is org.springframework.beans.factory.NoSuchBeanDefinitionException: No qualifying bean of type 'org.activiti.engine.ProcessEngines' available: expected at least 1 bean which qualifies as autowire candidate. Dependency annotations: {@org.springframework.beans.factory.annotation.Autowired(required=true)}
[0;39m[1;36m2021-09-25 21:46:36[0;39m [33m[main][0;39m [31mWARN [0;39m o.m.s.mapper.ClassPathMapperScanner - [35mNo MyBatis mapper was found in '[cn.com.cgh]' package. Please check your configuration.
[0;39m[1;36m2021-09-25 21:47:04[0;39m [33m[RMI TCP Connection(1)-192.168.10.104][0;39m [31mWARN [0;39m o.s.b.a.solr.SolrHealthIndicator - [35morg.apache.solr.client.solrj.SolrServerException: IOException occurred when talking to server at: http://solr.com:8983/solr
	at org.apache.solr.client.solrj.impl.HttpSolrClient.executeMethod(HttpSolrClient.java:679)
	at org.apache.solr.client.solrj.impl.HttpSolrClient.request(HttpSolrClient.java:265)
	at org.apache.solr.client.solrj.impl.HttpSolrClient.request(HttpSolrClient.java:248)
	at org.apache.solr.client.solrj.SolrRequest.process(SolrRequest.java:211)
	at org.apache.solr.client.solrj.SolrRequest.process(SolrRequest.java:228)
	at org.springframework.boot.actuate.solr.SolrHealthIndicator.doHealthCheck(SolrHealthIndicator.java:49)
	at org.springframework.boot.actuate.health.AbstractHealthIndicator.health(AbstractHealthIndicator.java:82)
	at org.springframework.boot.actuate.health.CompositeHealthIndicator.health(CompositeHealthIndicator.java:95)
	at org.springframework.boot.actuate.health.HealthEndpoint.health(HealthEndpoint.java:50)
	at sun.reflect.NativeMethodAccessorImpl.invoke0(Native Method)
	at sun.reflect.NativeMethodAccessorImpl.invoke(NativeMethodAccessorImpl.java:62)
	at sun.reflect.DelegatingMethodAccessorImpl.invoke(DelegatingMethodAccessorImpl.java:43)
	at java.lang.reflect.Method.invoke(Method.java:498)
	at org.springframework.util.ReflectionUtils.invokeMethod(ReflectionUtils.java:246)
	at org.springframework.boot.actuate.endpoint.invoke.reflect.ReflectiveOperationInvoker.invoke(ReflectiveOperationInvoker.java:76)
	at org.springframework.boot.actuate.endpoint.annotation.AbstractDiscoveredOperation.invoke(AbstractDiscoveredOperation.java:60)
	at org.springframework.boot.actuate.endpoint.jmx.EndpointMBean.invoke(EndpointMBean.java:121)
	at org.springframework.boot.actuate.endpoint.jmx.EndpointMBean.invoke(EndpointMBean.java:96)
	at com.sun.jmx.interceptor.DefaultMBeanServerInterceptor.invoke(DefaultMBeanServerInterceptor.java:819)
	at com.sun.jmx.mbeanserver.JmxMBeanServer.invoke(JmxMBeanServer.java:801)
	at javax.management.remote.rmi.RMIConnectionImpl.doOperation(RMIConnectionImpl.java:1468)
	at javax.management.remote.rmi.RMIConnectionImpl.access$300(RMIConnectionImpl.java:76)
	at javax.management.remote.rmi.RMIConnectionImpl$PrivilegedOperation.run(RMIConnectionImpl.java:1309)
	at javax.management.remote.rmi.RMIConnectionImpl.doPrivilegedOperation(RMIConnectionImpl.java:1401)
	at javax.management.remote.rmi.RMIConnectionImpl.invoke(RMIConnectionImpl.java:829)
	at sun.reflect.NativeMethodAccessorImpl.invoke0(Native Method)
	at sun.reflect.NativeMethodAccessorImpl.invoke(NativeMethodAccessorImpl.java:62)
	at sun.reflect.DelegatingMethodAccessorImpl.invoke(DelegatingMethodAccessorImpl.java:43)
	at java.lang.reflect.Method.invoke(Method.java:498)
	at sun.rmi.server.UnicastServerRef.dispatch(UnicastServerRef.java:357)
	at sun.rmi.transport.Transport$1.run(Transport.java:200)
	at sun.rmi.transport.Transport$1.run(Transport.java:197)
	at java.security.AccessController.doPrivileged(Native Method)
	at sun.rmi.transport.Transport.serviceCall(Transport.java:196)
	at sun.rmi.transport.tcp.TCPTransport.handleMessages(TCPTransport.java:573)
	at sun.rmi.transport.tcp.TCPTransport$ConnectionHandler.run0(TCPTransport.java:834)
	at sun.rmi.transport.tcp.TCPTransport$ConnectionHandler.lambda$run$0(TCPTransport.java:688)
	at java.security.AccessController.doPrivileged(Native Method)
	at sun.rmi.transport.tcp.TCPTransport$ConnectionHandler.run(TCPTransport.java:687)
	at java.util.concurrent.ThreadPoolExecutor.runWorker(ThreadPoolExecutor.java:1149)
	at java.util.concurrent.ThreadPoolExecutor$Worker.run(ThreadPoolExecutor.java:624)
	at java.lang.Thread.run(Thread.java:748)
Caused by: org.apache.http.conn.ConnectTimeoutException: Connect to solr.com:8983 [solr.com/34.102.136.180] failed: connect timed out
	at org.apache.http.impl.conn.DefaultHttpClientConnectionOperator.connect(DefaultHttpClientConnectionOperator.java:151)
	at org.apache.http.impl.conn.PoolingHttpClientConnectionManager.connect(PoolingHttpClientConnectionManager.java:374)
	at org.apache.http.impl.execchain.MainClientExec.establishRoute(MainClientExec.java:393)
	at org.apache.http.impl.execchain.MainClientExec.execute(MainClientExec.java:236)
	at org.apache.http.impl.execchain.ProtocolExec.execute(ProtocolExec.java:186)
	at org.apache.http.impl.execchain.RetryExec.execute(RetryExec.java:89)
	at org.apache.http.impl.execchain.RedirectExec.execute(RedirectExec.java:110)
	at org.apache.http.impl.client.InternalHttpClient.doExecute(InternalHttpClient.java:185)
	at org.apache.http.impl.client.CloseableHttpClient.execute(CloseableHttpClient.java:83)
	at org.apache.http.impl.client.CloseableHttpClient.execute(CloseableHttpClient.java:56)
	at org.apache.solr.client.solrj.impl.HttpSolrClient.executeMethod(HttpSolrClient.java:564)
	... 41 common frames omitted
Caused by: java.net.SocketTimeoutException: connect timed out
	at java.net.DualStackPlainSocketImpl.waitForConnect(Native Method)
	at java.net.DualStackPlainSocketImpl.socketConnect(DualStackPlainSocketImpl.java:85)
	at java.net.AbstractPlainSocketImpl.doConnect(AbstractPlainSocketImpl.java:350)
	at java.net.AbstractPlainSocketImpl.connectToAddress(AbstractPlainSocketImpl.java:206)
	at java.net.AbstractPlainSocketImpl.connect(AbstractPlainSocketImpl.java:188)
	at java.net.PlainSocketImpl.connect(PlainSocketImpl.java:172)
	at java.net.SocksSocketImpl.connect(SocksSocketImpl.java:392)
	at java.net.Socket.connect(Socket.java:606)
	at org.apache.http.conn.socket.PlainConnectionSocketFactory.connectSocket(PlainConnectionSocketFactory.java:75)
	at org.apache.http.impl.conn.DefaultHttpClientConnectionOperator.connect(DefaultHttpClientConnectionOperator.java:142)
	... 51 common frames omitted
Solr health check failed
[0;39morg.apache.solr.client.solrj.SolrServerException: IOException occurred when talking to server at: http://solr.com:8983/solr
	at org.apache.solr.client.solrj.impl.HttpSolrClient.executeMethod(HttpSolrClient.java:679)
	at org.apache.solr.client.solrj.impl.HttpSolrClient.request(HttpSolrClient.java:265)
	at org.apache.solr.client.solrj.impl.HttpSolrClient.request(HttpSolrClient.java:248)
	at org.apache.solr.client.solrj.SolrRequest.process(SolrRequest.java:211)
	at org.apache.solr.client.solrj.SolrRequest.process(SolrRequest.java:228)
	at org.springframework.boot.actuate.solr.SolrHealthIndicator.doHealthCheck(SolrHealthIndicator.java:49)
	at org.springframework.boot.actuate.health.AbstractHealthIndicator.health(AbstractHealthIndicator.java:82)
	at org.springframework.boot.actuate.health.CompositeHealthIndicator.health(CompositeHealthIndicator.java:95)
	at org.springframework.boot.actuate.health.HealthEndpoint.health(HealthEndpoint.java:50)
	at sun.reflect.NativeMethodAccessorImpl.invoke0(Native Method)
	at sun.reflect.NativeMethodAccessorImpl.invoke(NativeMethodAccessorImpl.java:62)
	at sun.reflect.DelegatingMethodAccessorImpl.invoke(DelegatingMethodAccessorImpl.java:43)
	at java.lang.reflect.Method.invoke(Method.java:498)
	at org.springframework.util.ReflectionUtils.invokeMethod(ReflectionUtils.java:246)
	at org.springframework.boot.actuate.endpoint.invoke.reflect.ReflectiveOperationInvoker.invoke(ReflectiveOperationInvoker.java:76)
	at org.springframework.boot.actuate.endpoint.annotation.AbstractDiscoveredOperation.invoke(AbstractDiscoveredOperation.java:60)
	at org.springframework.boot.actuate.endpoint.jmx.EndpointMBean.invoke(EndpointMBean.java:121)
	at org.springframework.boot.actuate.endpoint.jmx.EndpointMBean.invoke(EndpointMBean.java:96)
	at com.sun.jmx.interceptor.DefaultMBeanServerInterceptor.invoke(DefaultMBeanServerInterceptor.java:819)
	at com.sun.jmx.mbeanserver.JmxMBeanServer.invoke(JmxMBeanServer.java:801)
	at javax.management.remote.rmi.RMIConnectionImpl.doOperation(RMIConnectionImpl.java:1468)
	at javax.management.remote.rmi.RMIConnectionImpl.access$300(RMIConnectionImpl.java:76)
	at javax.management.remote.rmi.RMIConnectionImpl$PrivilegedOperation.run(RMIConnectionImpl.java:1309)
	at javax.management.remote.rmi.RMIConnectionImpl.doPrivilegedOperation(RMIConnectionImpl.java:1401)
	at javax.management.remote.rmi.RMIConnectionImpl.invoke(RMIConnectionImpl.java:829)
	at sun.reflect.NativeMethodAccessorImpl.invoke0(Native Method)
	at sun.reflect.NativeMethodAccessorImpl.invoke(NativeMethodAccessorImpl.java:62)
	at sun.reflect.DelegatingMethodAccessorImpl.invoke(DelegatingMethodAccessorImpl.java:43)
	at java.lang.reflect.Method.invoke(Method.java:498)
	at sun.rmi.server.UnicastServerRef.dispatch(UnicastServerRef.java:357)
	at sun.rmi.transport.Transport$1.run(Transport.java:200)
	at sun.rmi.transport.Transport$1.run(Transport.java:197)
	at java.security.AccessController.doPrivileged(Native Method)
	at sun.rmi.transport.Transport.serviceCall(Transport.java:196)
	at sun.rmi.transport.tcp.TCPTransport.handleMessages(TCPTransport.java:573)
	at sun.rmi.transport.tcp.TCPTransport$ConnectionHandler.run0(TCPTransport.java:834)
	at sun.rmi.transport.tcp.TCPTransport$ConnectionHandler.lambda$run$0(TCPTransport.java:688)
	at java.security.AccessController.doPrivileged(Native Method)
	at sun.rmi.transport.tcp.TCPTransport$ConnectionHandler.run(TCPTransport.java:687)
	at java.util.concurrent.ThreadPoolExecutor.runWorker(ThreadPoolExecutor.java:1149)
	at java.util.concurrent.ThreadPoolExecutor$Worker.run(ThreadPoolExecutor.java:624)
	at java.lang.Thread.run(Thread.java:748)
Caused by: org.apache.http.conn.ConnectTimeoutException: Connect to solr.com:8983 [solr.com/34.102.136.180] failed: connect timed out
	at org.apache.http.impl.conn.DefaultHttpClientConnectionOperator.connect(DefaultHttpClientConnectionOperator.java:151)
	at org.apache.http.impl.conn.PoolingHttpClientConnectionManager.connect(PoolingHttpClientConnectionManager.java:374)
	at org.apache.http.impl.execchain.MainClientExec.establishRoute(MainClientExec.java:393)
	at org.apache.http.impl.execchain.MainClientExec.execute(MainClientExec.java:236)
	at org.apache.http.impl.execchain.ProtocolExec.execute(ProtocolExec.java:186)
	at org.apache.http.impl.execchain.RetryExec.execute(RetryExec.java:89)
	at org.apache.http.impl.execchain.RedirectExec.execute(RedirectExec.java:110)
	at org.apache.http.impl.client.InternalHttpClient.doExecute(InternalHttpClient.java:185)
	at org.apache.http.impl.client.CloseableHttpClient.execute(CloseableHttpClient.java:83)
	at org.apache.http.impl.client.CloseableHttpClient.execute(CloseableHttpClient.java:56)
	at org.apache.solr.client.solrj.impl.HttpSolrClient.executeMethod(HttpSolrClient.java:564)
	... 41 common frames omitted
Caused by: java.net.SocketTimeoutException: connect timed out
	at java.net.DualStackPlainSocketImpl.waitForConnect(Native Method)
	at java.net.DualStackPlainSocketImpl.socketConnect(DualStackPlainSocketImpl.java:85)
	at java.net.AbstractPlainSocketImpl.doConnect(AbstractPlainSocketImpl.java:350)
	at java.net.AbstractPlainSocketImpl.connectToAddress(AbstractPlainSocketImpl.java:206)
	at java.net.AbstractPlainSocketImpl.connect(AbstractPlainSocketImpl.java:188)
	at java.net.PlainSocketImpl.connect(PlainSocketImpl.java:172)
	at java.net.SocksSocketImpl.connect(SocksSocketImpl.java:392)
	at java.net.Socket.connect(Socket.java:606)
	at org.apache.http.conn.socket.PlainConnectionSocketFactory.connectSocket(PlainConnectionSocketFactory.java:75)
	at org.apache.http.impl.conn.DefaultHttpClientConnectionOperator.connect(DefaultHttpClientConnectionOperator.java:142)
	... 51 common frames omitted
[1;36m2021-09-25 22:47:43[0;39m [33m[main][0;39m [31mWARN [0;39m o.s.b.t.j.DuplicateJsonObjectContextCustomizerFactory$DuplicateJsonObjectContextCustomizer - [35m

Found multiple occurrences of org.json.JSONObject on the class path:

	jar:file:/F:/TOOLS/MAVEN/repo/com/vaadin/external/google/android-json/0.0.20131108.vaadin1/android-json-0.0.20131108.vaadin1.jar!/org/json/JSONObject.class
	jar:file:/F:/TOOLS/MAVEN/repo/org/apache/hive/hive-exec/3.1.2/hive-exec-3.1.2.jar!/org/json/JSONObject.class
	jar:file:/F:/TOOLS/MAVEN/repo/com/tdunning/json/1.8/json-1.8.jar!/org/json/JSONObject.class

You may wish to exclude one of them to ensure predictable runtime behavior

[0;39m[1;36m2021-09-25 22:47:45[0;39m [33m[main][0;39m [31mWARN [0;39m o.m.s.mapper.ClassPathMapperScanner - [35mNo MyBatis mapper was found in '[cn.com.cgh]' package. Please check your configuration.
[0;39m[1;36m2021-09-25 22:49:09[0;39m [33m[main][0;39m [31mWARN [0;39m o.s.b.t.j.DuplicateJsonObjectContextCustomizerFactory$DuplicateJsonObjectContextCustomizer - [35m

Found multiple occurrences of org.json.JSONObject on the class path:

	jar:file:/F:/TOOLS/MAVEN/repo/com/vaadin/external/google/android-json/0.0.20131108.vaadin1/android-json-0.0.20131108.vaadin1.jar!/org/json/JSONObject.class
	jar:file:/F:/TOOLS/MAVEN/repo/org/apache/hive/hive-exec/3.1.2/hive-exec-3.1.2.jar!/org/json/JSONObject.class
	jar:file:/F:/TOOLS/MAVEN/repo/com/tdunning/json/1.8/json-1.8.jar!/org/json/JSONObject.class

You may wish to exclude one of them to ensure predictable runtime behavior

[0;39m[1;36m2021-09-25 22:49:11[0;39m [33m[main][0;39m [31mWARN [0;39m o.m.s.mapper.ClassPathMapperScanner - [35mNo MyBatis mapper was found in '[cn.com.cgh]' package. Please check your configuration.
[0;39m[1;36m2021-09-25 22:50:25[0;39m [33m[main][0;39m [31mWARN [0;39m o.s.b.t.j.DuplicateJsonObjectContextCustomizerFactory$DuplicateJsonObjectContextCustomizer - [35m

Found multiple occurrences of org.json.JSONObject on the class path:

	jar:file:/F:/TOOLS/MAVEN/repo/com/vaadin/external/google/android-json/0.0.20131108.vaadin1/android-json-0.0.20131108.vaadin1.jar!/org/json/JSONObject.class
	jar:file:/F:/TOOLS/MAVEN/repo/org/apache/hive/hive-exec/3.1.2/hive-exec-3.1.2.jar!/org/json/JSONObject.class
	jar:file:/F:/TOOLS/MAVEN/repo/com/tdunning/json/1.8/json-1.8.jar!/org/json/JSONObject.class

You may wish to exclude one of them to ensure predictable runtime behavior

[0;39m[1;36m2021-09-25 22:50:26[0;39m [33m[main][0;39m [31mWARN [0;39m o.m.s.mapper.ClassPathMapperScanner - [35mNo MyBatis mapper was found in '[cn.com.cgh]' package. Please check your configuration.
[0;39m[1;36m2021-09-25 22:51:18[0;39m [33m[main][0;39m [31mWARN [0;39m o.s.b.t.j.DuplicateJsonObjectContextCustomizerFactory$DuplicateJsonObjectContextCustomizer - [35m

Found multiple occurrences of org.json.JSONObject on the class path:

	jar:file:/F:/TOOLS/MAVEN/repo/com/vaadin/external/google/android-json/0.0.20131108.vaadin1/android-json-0.0.20131108.vaadin1.jar!/org/json/JSONObject.class
	jar:file:/F:/TOOLS/MAVEN/repo/org/apache/hive/hive-exec/3.1.2/hive-exec-3.1.2.jar!/org/json/JSONObject.class
	jar:file:/F:/TOOLS/MAVEN/repo/com/tdunning/json/1.8/json-1.8.jar!/org/json/JSONObject.class

You may wish to exclude one of them to ensure predictable runtime behavior

[0;39m[1;36m2021-09-25 22:51:19[0;39m [33m[main][0;39m [31mWARN [0;39m o.m.s.mapper.ClassPathMapperScanner - [35mNo MyBatis mapper was found in '[cn.com.cgh]' package. Please check your configuration.
[0;39m[1;36m2021-09-25 22:51:55[0;39m [33m[main][0;39m [31mWARN [0;39m o.s.b.t.j.DuplicateJsonObjectContextCustomizerFactory$DuplicateJsonObjectContextCustomizer - [35m

Found multiple occurrences of org.json.JSONObject on the class path:

	jar:file:/F:/TOOLS/MAVEN/repo/com/vaadin/external/google/android-json/0.0.20131108.vaadin1/android-json-0.0.20131108.vaadin1.jar!/org/json/JSONObject.class
	jar:file:/F:/TOOLS/MAVEN/repo/org/apache/hive/hive-exec/3.1.2/hive-exec-3.1.2.jar!/org/json/JSONObject.class
	jar:file:/F:/TOOLS/MAVEN/repo/com/tdunning/json/1.8/json-1.8.jar!/org/json/JSONObject.class

You may wish to exclude one of them to ensure predictable runtime behavior

[0;39m[1;36m2021-09-25 22:51:57[0;39m [33m[main][0;39m [31mWARN [0;39m o.m.s.mapper.ClassPathMapperScanner - [35mNo MyBatis mapper was found in '[cn.com.cgh]' package. Please check your configuration.
[0;39m[1;36m2021-09-25 22:52:45[0;39m [33m[main][0;39m [31mWARN [0;39m o.s.b.t.j.DuplicateJsonObjectContextCustomizerFactory$DuplicateJsonObjectContextCustomizer - [35m

Found multiple occurrences of org.json.JSONObject on the class path:

	jar:file:/F:/TOOLS/MAVEN/repo/com/vaadin/external/google/android-json/0.0.20131108.vaadin1/android-json-0.0.20131108.vaadin1.jar!/org/json/JSONObject.class
	jar:file:/F:/TOOLS/MAVEN/repo/org/apache/hive/hive-exec/3.1.2/hive-exec-3.1.2.jar!/org/json/JSONObject.class
	jar:file:/F:/TOOLS/MAVEN/repo/com/tdunning/json/1.8/json-1.8.jar!/org/json/JSONObject.class

You may wish to exclude one of them to ensure predictable runtime behavior

[0;39m[1;36m2021-09-25 22:52:46[0;39m [33m[main][0;39m [31mWARN [0;39m o.m.s.mapper.ClassPathMapperScanner - [35mNo MyBatis mapper was found in '[cn.com.cgh]' package. Please check your configuration.
[0;39m[1;36m2021-09-25 22:52:50[0;39m [33m[main][0;39m [31mWARN [0;39m o.s.w.c.s.GenericWebApplicationContext - [35mException encountered during context initialization - cancelling refresh attempt: org.springframework.beans.factory.UnsatisfiedDependencyException: Error creating bean with name 'createBean': Unsatisfied dependency expressed through field 'runtimeService'; nested exception is org.springframework.beans.factory.UnsatisfiedDependencyException: Error creating bean with name 'runtimeServiceBean' defined in class path resource [org/activiti/spring/boot/ProcessEngineAutoConfiguration.class]: Unsatisfied dependency expressed through method 'runtimeServiceBean' parameter 0; nested exception is org.springframework.beans.factory.BeanCreationException: Error creating bean with name 'processEngine': FactoryBean threw exception on object creation; nested exception is org.activiti.engine.ActivitiException: Errors while parsing:
[Validation set: 'activiti-executable-process' | Problem: 'activiti-event-gateway-only-connected-to-intermediate-events'] : Event based gateway can only be connected to elements of type intermediateCatchEvent - [Extra info : processDefinitionId = j | processDefinitionName = j |  | id = sid-96db4813-68dd-47ce-88b3-b659429469c7 | ] ( line: 6, column: 5)
[Validation set: 'activiti-executable-process' | Problem: 'activiti-event-gateway-only-connected-to-intermediate-events'] : Event based gateway can only be connected to elements of type intermediateCatchEvent - [Extra info : processDefinitionId = j | processDefinitionName = j |  | id = sid-96db4813-68dd-47ce-88b3-b659429469c7 | ] ( line: 6, column: 5)
[Validation set: 'activiti-executable-process' | Problem: 'activiti-event-gateway-only-connected-to-intermediate-events'] : Event based gateway can only be connected to elements of type intermediateCatchEvent - [Extra info : processDefinitionId = j | processDefinitionName = j |  | id = sid-96db4813-68dd-47ce-88b3-b659429469c7 | ] ( line: 6, column: 5)
[Validation set: 'activiti-executable-process' | Problem: 'activiti-event-gateway-only-connected-to-intermediate-events'] : Event based gateway can only be connected to elements of type intermediateCatchEvent - [Extra info : processDefinitionId = j | processDefinitionName = j |  | id = sid-00a3c809-686d-40ca-8442-cd726e79c772 | ] ( line: 7, column: 5)

[0;39m[1;36m2021-09-25 22:53:40[0;39m [33m[main][0;39m [31mWARN [0;39m o.s.b.t.j.DuplicateJsonObjectContextCustomizerFactory$DuplicateJsonObjectContextCustomizer - [35m

Found multiple occurrences of org.json.JSONObject on the class path:

	jar:file:/F:/TOOLS/MAVEN/repo/com/vaadin/external/google/android-json/0.0.20131108.vaadin1/android-json-0.0.20131108.vaadin1.jar!/org/json/JSONObject.class
	jar:file:/F:/TOOLS/MAVEN/repo/org/apache/hive/hive-exec/3.1.2/hive-exec-3.1.2.jar!/org/json/JSONObject.class
	jar:file:/F:/TOOLS/MAVEN/repo/com/tdunning/json/1.8/json-1.8.jar!/org/json/JSONObject.class

You may wish to exclude one of them to ensure predictable runtime behavior

[0;39m[1;36m2021-09-25 22:53:42[0;39m [33m[main][0;39m [31mWARN [0;39m o.m.s.mapper.ClassPathMapperScanner - [35mNo MyBatis mapper was found in '[cn.com.cgh]' package. Please check your configuration.
[0;39m[1;36m2021-09-25 22:53:52[0;39m [33m[main][0;39m [31mWARN [0;39m o.s.w.c.s.GenericWebApplicationContext - [35mException encountered during context initialization - cancelling refresh attempt: org.springframework.beans.factory.UnsatisfiedDependencyException: Error creating bean with name 'createBean': Unsatisfied dependency expressed through field 'runtimeService'; nested exception is org.springframework.beans.factory.UnsatisfiedDependencyException: Error creating bean with name 'runtimeServiceBean' defined in class path resource [org/activiti/spring/boot/ProcessEngineAutoConfiguration.class]: Unsatisfied dependency expressed through method 'runtimeServiceBean' parameter 0; nested exception is org.springframework.beans.factory.BeanCreationException: Error creating bean with name 'processEngine': FactoryBean threw exception on object creation; nested exception is org.activiti.engine.ActivitiException: Errors while parsing:
[Validation set: 'activiti-executable-process' | Problem: 'activiti-event-gateway-only-connected-to-intermediate-events'] : Event based gateway can only be connected to elements of type intermediateCatchEvent - [Extra info : processDefinitionId = j | processDefinitionName = j |  | id = sid-96db4813-68dd-47ce-88b3-b659429469c7 | ] ( line: 6, column: 5)
[Validation set: 'activiti-executable-process' | Problem: 'activiti-event-gateway-only-connected-to-intermediate-events'] : Event based gateway can only be connected to elements of type intermediateCatchEvent - [Extra info : processDefinitionId = j | processDefinitionName = j |  | id = sid-96db4813-68dd-47ce-88b3-b659429469c7 | ] ( line: 6, column: 5)
[Validation set: 'activiti-executable-process' | Problem: 'activiti-event-gateway-only-connected-to-intermediate-events'] : Event based gateway can only be connected to elements of type intermediateCatchEvent - [Extra info : processDefinitionId = j | processDefinitionName = j |  | id = sid-96db4813-68dd-47ce-88b3-b659429469c7 | ] ( line: 6, column: 5)
[Validation set: 'activiti-executable-process' | Problem: 'activiti-event-gateway-only-connected-to-intermediate-events'] : Event based gateway can only be connected to elements of type intermediateCatchEvent - [Extra info : processDefinitionId = j | processDefinitionName = j |  | id = sid-00a3c809-686d-40ca-8442-cd726e79c772 | ] ( line: 7, column: 5)

[0;39m[1;36m2021-09-25 22:54:38[0;39m [33m[main][0;39m [31mWARN [0;39m o.s.b.t.j.DuplicateJsonObjectContextCustomizerFactory$DuplicateJsonObjectContextCustomizer - [35m

Found multiple occurrences of org.json.JSONObject on the class path:

	jar:file:/F:/TOOLS/MAVEN/repo/com/vaadin/external/google/android-json/0.0.20131108.vaadin1/android-json-0.0.20131108.vaadin1.jar!/org/json/JSONObject.class
	jar:file:/F:/TOOLS/MAVEN/repo/org/apache/hive/hive-exec/3.1.2/hive-exec-3.1.2.jar!/org/json/JSONObject.class
	jar:file:/F:/TOOLS/MAVEN/repo/com/tdunning/json/1.8/json-1.8.jar!/org/json/JSONObject.class

You may wish to exclude one of them to ensure predictable runtime behavior

[0;39m[1;36m2021-09-25 22:54:39[0;39m [33m[main][0;39m [31mWARN [0;39m o.m.s.mapper.ClassPathMapperScanner - [35mNo MyBatis mapper was found in '[cn.com.cgh]' package. Please check your configuration.
[0;39m[1;36m2021-09-25 23:58:09[0;39m [33m[main][0;39m [31mWARN [0;39m o.s.b.t.j.DuplicateJsonObjectContextCustomizerFactory$DuplicateJsonObjectContextCustomizer - [35m

Found multiple occurrences of org.json.JSONObject on the class path:

	jar:file:/F:/TOOLS/MAVEN/repo/com/vaadin/external/google/android-json/0.0.20131108.vaadin1/android-json-0.0.20131108.vaadin1.jar!/org/json/JSONObject.class
	jar:file:/F:/TOOLS/MAVEN/repo/org/apache/hive/hive-exec/3.1.2/hive-exec-3.1.2.jar!/org/json/JSONObject.class
	jar:file:/F:/TOOLS/MAVEN/repo/com/tdunning/json/1.8/json-1.8.jar!/org/json/JSONObject.class

You may wish to exclude one of them to ensure predictable runtime behavior

[0;39m[1;36m2021-09-25 23:58:11[0;39m [33m[main][0;39m [31mWARN [0;39m o.m.s.mapper.ClassPathMapperScanner - [35mNo MyBatis mapper was found in '[cn.com.cgh]' package. Please check your configuration.
[0;39m